Nov-01 14:53:34.461 [main] DEBUG nextflow.cli.Launcher - $> nextflow run sourmash_allvall.nf
Nov-01 14:53:34.561 [main] INFO  nextflow.cli.CmdRun - N E X T F L O W  ~  version 23.04.2
Nov-01 14:53:34.659 [main] DEBUG nextflow.plugin.PluginsFacade - Setting up plugin manager > mode=prod; embedded=false; plugins-dir=/scicomp/home-pure/tzx6/.nextflow/plugins; core-plugins: nf-amazon@1.16.2,nf-azure@1.0.1,nf-codecommit@0.1.4,nf-console@1.0.5,nf-ga4gh@1.0.5,nf-google@1.7.3,nf-tower@1.5.12,nf-wave@0.8.3
Nov-01 14:53:34.685 [main] INFO  org.pf4j.DefaultPluginStatusProvider - Enabled plugins: []
Nov-01 14:53:34.687 [main] INFO  org.pf4j.DefaultPluginStatusProvider - Disabled plugins: []
Nov-01 14:53:34.691 [main] INFO  org.pf4j.DefaultPluginManager - PF4J version 3.4.1 in 'deployment' mode
Nov-01 14:53:34.705 [main] INFO  org.pf4j.AbstractPluginManager - No plugins
Nov-01 14:53:34.826 [main] DEBUG nextflow.cli.CmdRun - Applied DSL=2 by global default
Nov-01 14:53:34.857 [main] INFO  nextflow.cli.CmdRun - Launching `sourmash_allvall.nf` [angry_boltzmann] DSL2 - revision: 2acd39638a
Nov-01 14:53:34.857 [main] DEBUG nextflow.plugin.PluginsFacade - Plugins default=[]
Nov-01 14:53:34.858 [main] DEBUG nextflow.plugin.PluginsFacade - Plugins resolved requirement=[]
Nov-01 14:53:34.870 [main] DEBUG nextflow.secret.LocalSecretsProvider - Secrets store: /scicomp/home-pure/tzx6/.nextflow/secrets/store.json
Nov-01 14:53:34.878 [main] DEBUG nextflow.secret.SecretsLoader - Discovered secrets providers: [nextflow.secret.LocalSecretsProvider@c9d82f9] - activable => nextflow.secret.LocalSecretsProvider@c9d82f9
Nov-01 14:53:34.956 [main] DEBUG nextflow.Session - Session UUID: d869322f-6127-4cf1-99ed-5af74de5da9a
Nov-01 14:53:34.956 [main] DEBUG nextflow.Session - Run name: angry_boltzmann
Nov-01 14:53:34.959 [main] DEBUG nextflow.Session - Executor pool size: 44
Nov-01 14:53:34.972 [main] DEBUG nextflow.util.ThreadPoolBuilder - Creating thread pool 'FileTransfer' minSize=10; maxSize=132; workQueue=LinkedBlockingQueue[10000]; allowCoreThreadTimeout=false
Nov-01 14:53:35.052 [main] DEBUG nextflow.cli.CmdRun - 
  Version: 23.04.2 build 5870
  Created: 08-06-2023 08:29 UTC (04:29 EDT)
  System: Linux 3.10.0-1160.95.1.el7.x86_64
  Runtime: Groovy 3.0.16 on Java HotSpot(TM) 64-Bit Server VM 19.0.2+7-44
  Encoding: UTF-8 (UTF-8)
  Process: 175855@node233.hpc.biotech.cdc.gov [10.128.44.233]
  CPUs: 44 - Mem: 376.5 GB (246.1 GB) - Swap: 202 GB (192.5 GB)
Nov-01 14:53:35.127 [main] DEBUG nextflow.Session - Work-dir: /scicomp/home-pure/tzx6/Documents/Gitlab/scicomp-sample-workflow/subworkflows/local/work [nfs]
Nov-01 14:53:35.128 [main] DEBUG nextflow.Session - Script base path does not exist or is not a directory: /scicomp/home-pure/tzx6/Documents/Gitlab/scicomp-sample-workflow/subworkflows/local/bin
Nov-01 14:53:35.145 [main] DEBUG nextflow.executor.ExecutorFactory - Extension executors providers=[]
Nov-01 14:53:35.157 [main] DEBUG nextflow.Session - Observer factory: DefaultObserverFactory
Nov-01 14:53:35.209 [main] DEBUG nextflow.cache.CacheFactory - Using Nextflow cache factory: nextflow.cache.DefaultCacheFactory
Nov-01 14:53:35.219 [main] DEBUG nextflow.util.CustomThreadPool - Creating default thread pool > poolSize: 45; maxThreads: 1000
Nov-01 14:53:35.360 [main] DEBUG nextflow.Session - Session start
Nov-01 14:53:36.238 [main] DEBUG nextflow.script.ScriptRunner - > Launching execution
Nov-01 14:53:36.565 [main] DEBUG nextflow.Session - Session aborted -- Cause: Can't find a matching module file for include: ../../modules/local/sourmash/unzip/main.nf
Nov-01 14:53:36.578 [main] ERROR nextflow.cli.Launcher - Can't find a matching module file for include: ../../modules/local/sourmash/unzip/main.nf
java.nio.file.NoSuchFileException: Can't find a matching module file for include: ../../modules/local/sourmash/unzip/main.nf
	at nextflow.script.IncludeDef.realModulePath(IncludeDef.groovy:193)
	at nextflow.script.IncludeDef.load0(IncludeDef.groovy:121)
	at nextflow.script.IncludeDef$load0$1.call(Unknown Source)
	at org.codehaus.groovy.runtime.callsite.CallSiteArray.defaultCall(CallSiteArray.java:47)
	at org.codehaus.groovy.runtime.callsite.AbstractCallSite.call(AbstractCallSite.java:125)
	at org.codehaus.groovy.runtime.callsite.AbstractCallSite.call(AbstractCallSite.java:139)
	at Script_7dd6a159.runScript(Script_7dd6a159:6)
	at nextflow.script.BaseScript.run0(BaseScript.groovy:145)
	at nextflow.script.BaseScript.run(BaseScript.groovy:192)
	at nextflow.script.ScriptParser.runScript(ScriptParser.groovy:229)
	at nextflow.script.ScriptRunner.run(ScriptRunner.groovy:224)
	at nextflow.script.ScriptRunner.execute(ScriptRunner.groovy:130)
	at nextflow.cli.CmdRun.run(CmdRun.groovy:368)
	at nextflow.cli.Launcher.run(Launcher.groovy:494)
	at nextflow.cli.Launcher.main(Launcher.groovy:653)
